2025-04-06 19:20:11 INFO     

TRIGGERING SCRIPT /Users/juanitasmith/Documents/Documents - JuaMacProM4/Udacity/projects/capstone_movie_recommendation/src/preprocessing_data_gathering.py...
2025-04-06 19:20:11 INFO     Extracting TMDB/IMDB movie content...
2025-04-06 19:20:11 INFO     Downloading TMDB/IMDB movie contents at alanvourch/tmdb-movies-daily-updates
2025-04-06 19:20:46 INFO     TMDB/IMDB download successful to path data/raw/imdb_tmdb
2025-04-06 19:20:46 INFO     File renamed from data/raw/imdb_tmdb/TMDB_all_movies.csv to data/raw/imdb_tmdb/imdb_tmdb.csv
2025-04-06 19:20:46 INFO     Extracting TMDB/IMDB movie content...
2025-04-06 19:20:46 INFO     Downloading TMDB/IMDB movie contents at shubhamchandra235/imdb-and-tmdb-movie-metadata-big-dataset-1m
2025-04-06 19:21:52 INFO     TMDB/IMDB download successful to path data/raw/imdb_tmdb_extra
2025-04-06 19:21:52 INFO     File renamed from data/raw/imdb_tmdb_extra/IMDB TMDB Movie Metadata Big Dataset (1M).csv to data/raw/imdb_tmdb_extra/imdb_tmdb.csv
2025-04-06 19:21:52 INFO     Extracting MovieLens data...
2025-04-06 19:23:14 INFO     MovieLens download successful to path data/raw/movielens
2025-04-06 19:23:14 INFO     

TRIGGERING SCRIPT /Users/juanitasmith/Documents/Documents - JuaMacProM4/Udacity/projects/capstone_movie_recommendation/src/preprocessing_data_cleaning.py...
2025-04-06 19:23:14 INFO     Cleaning TMDB/IMDB movie content data...
2025-04-06 19:23:18 INFO     Shape of IMDB movies before filtering (1078084, 28)
2025-04-06 19:23:18 INFO     Shape of IMDB movies after filtering (48541, 28)
2025-04-06 19:23:18 INFO     Shape of IMDB movies after removing duplicates (46745, 28)
2025-04-06 19:23:18 INFO     Cleaning extra TMDB/IMDB movie content data...
2025-04-06 19:23:21 INFO     Shape of extra IMDB movies after import (1072255, 7)
2025-04-06 19:23:21 INFO     Shape of extra IMDB movies after removal of null ids (589364, 7)
2025-04-06 19:23:21 INFO     Shape of extra IMDB movies after removing duplicate ids (588584, 7)
2025-04-06 19:23:21 INFO     Dataset columns: ['backdrop_path', 'homepage', 'star1', 'star2', 'star3', 'star4', 'imdbId']
2025-04-06 19:23:21 INFO     Cleaning MovieLens LINKS data...
2025-04-06 19:23:21 INFO     Shape of links after removing duplicates (87585, 2)
2025-04-06 19:23:21 INFO     Shape of links before filtering (87585, 2)
2025-04-06 19:23:21 INFO     Shape of links after filtering (25140, 2)
2025-04-06 19:23:21 INFO     Cleaning MovieLens RATINGS data...
2025-04-06 19:23:29 INFO     Shape of ratings before filtering (32000204, 4)
2025-04-06 19:23:30 INFO     Shape of ratings after filtering (12666439, 5)
2025-04-06 19:23:30 INFO     Shape of ratings after removing duplicates (12666439, 5)
2025-04-06 19:23:31 INFO     Shape of ratings after additional filtering: (12097065, 5)
2025-04-06 19:23:31 INFO     Cleaning MovieLens TAGS data...
2025-04-06 19:23:32 INFO     
 Dataset with shape (46745, 17) saved to location data/clean/imdb_tmdb.parquet
2025-04-06 19:23:32 INFO     Dataset columns: ['title', 'overview', 'tagline', 'imdb_rating', 'imdb_votes', 'popularity', 'poster_path', 'release_year', 'last_rating_timestamp', 'genres', 'vote_average', 'homepage', 'star1', 'star2', 'star3', 'star4', 'backdrop_path']
2025-04-06 19:23:35 INFO     
 Dataset with shape (12097065, 4) saved to location data/clean/ratings.parquet.gzip
2025-04-06 19:23:35 INFO     Dataset columns: ['user_id', 'rating', 'timestamp', 'imdbId']
2025-04-06 19:23:35 INFO     
 Dataset with shape (46745, 1) saved to location data/clean/tags.parquet
2025-04-06 19:23:35 INFO     Dataset columns: ['all_texts']
2025-04-06 19:23:35 INFO     
 Dataset with shape (25140, 2) saved to location data/clean/links.parquet
2025-04-06 19:23:35 INFO     Dataset columns: ['movielens_id', 'imdbId']
2025-04-06 19:23:35 INFO     

TRIGGERING SCRIPT /Users/juanitasmith/Documents/Documents - JuaMacProM4/Udacity/projects/capstone_movie_recommendation/src/preprocessing_nlp.py...
2025-04-06 19:23:35 INFO     Loading data/clean/imdb_tmdb.parquet...
2025-04-06 19:23:35 INFO     Loading data/clean/ratings.parquet.gzip...
2025-04-06 19:23:35 INFO     Loading data/clean/tags.parquet...
2025-04-06 19:23:36 INFO     Movie contents loaded with shape (46745, 17)
2025-04-06 19:23:36 INFO     User ratings loaded with shape (12097065, 4)
2025-04-06 19:23:36 INFO     Movie Tags loaded with shape (46745, 1)
2025-04-06 19:23:36 INFO     Generating tfidf word count matrix and model...
2025-04-06 19:26:22 INFO     Saving model to path models/tfidf.pkl
2025-04-06 19:26:23 INFO     Saving matrix to path models/tfidf_df.parquet
2025-04-06 19:26:26 INFO     Creating user item matrix
2025-04-06 19:27:00 INFO     User-Item matrix with shape (96759, 11696) are saved at location models/user_item_matrix.parquet
2025-04-06 19:27:00 INFO     Loading data/clean/imdb_tmdb.parquet...
2025-04-06 19:27:00 INFO     Loading data/clean/ratings.parquet.gzip...
2025-04-06 19:27:00 INFO     Loading data/clean/tags.parquet...
2025-04-06 19:27:00 INFO     Movie contents loaded with shape (46745, 17)
2025-04-06 19:27:00 INFO     User ratings loaded with shape (12097065, 4)
2025-04-06 19:27:00 INFO     Movie Tags loaded with shape (46745, 1)
2025-04-06 19:27:00 INFO     Loading data/clean/imdb_tmdb.parquet...
2025-04-06 19:27:00 INFO     Loading data/clean/ratings.parquet.gzip...
2025-04-06 19:27:00 INFO     Loading data/clean/tags.parquet...
2025-04-06 19:27:01 INFO     Movie contents loaded with shape (46745, 17)
2025-04-06 19:27:01 INFO     User ratings loaded with shape (12097065, 4)
2025-04-06 19:27:01 INFO     Movie Tags loaded with shape (46745, 1)
2025-04-06 19:27:01 INFO     Loading user item matrix
2025-04-06 19:29:46 INFO     Loading data/clean/imdb_tmdb.parquet...
2025-04-06 19:29:46 INFO     Loading data/clean/ratings.parquet.gzip...
2025-04-06 19:29:46 INFO     Loading data/clean/tags.parquet...
2025-04-06 19:29:46 INFO     Movie contents loaded with shape (46745, 17)
2025-04-06 19:29:46 INFO     User ratings loaded with shape (12097065, 4)
2025-04-06 19:29:46 INFO     Movie Tags loaded with shape (46745, 1)
2025-04-06 19:29:46 INFO     Loading data/clean/imdb_tmdb.parquet...
2025-04-06 19:29:46 INFO     Loading data/clean/ratings.parquet.gzip...
2025-04-06 19:29:46 INFO     Loading data/clean/tags.parquet...
2025-04-06 19:29:46 INFO     Movie contents loaded with shape (46745, 17)
2025-04-06 19:29:46 INFO     User ratings loaded with shape (12097065, 4)
2025-04-06 19:29:46 INFO     Movie Tags loaded with shape (46745, 1)
2025-04-06 19:29:46 INFO     Loading data/clean/imdb_tmdb.parquet...
2025-04-06 19:29:46 INFO     Loading data/clean/ratings.parquet.gzip...
2025-04-06 19:29:46 INFO     Loading data/clean/tags.parquet...
2025-04-06 19:29:47 INFO     Movie contents loaded with shape (46745, 17)
2025-04-06 19:29:47 INFO     User ratings loaded with shape (12097065, 4)
2025-04-06 19:29:47 INFO     Movie Tags loaded with shape (46745, 1)
2025-04-06 19:29:47 INFO     Loading user item matrix
2025-04-06 19:29:47 INFO     Loading data/clean/imdb_tmdb.parquet...
2025-04-06 19:29:47 INFO     Loading data/clean/ratings.parquet.gzip...
2025-04-06 19:29:47 INFO     Loading data/clean/tags.parquet...
2025-04-06 19:29:48 INFO     Movie contents loaded with shape (46745, 17)
2025-04-06 19:29:48 INFO     User ratings loaded with shape (12097065, 4)
2025-04-06 19:29:48 INFO     Movie Tags loaded with shape (46745, 1)
2025-04-06 19:29:48 INFO     Loading user item matrix
2025-04-06 19:29:55 INFO     Loading user item matrix
2025-04-06 19:30:06 INFO     Nearest neighbor 2704 selected
2025-04-06 19:30:11 INFO     Nearest neighbor 109980 selected
